Using pre-set license
Built from '2021.1/release' branch; Version is '2021.1.4f1 (4cd64a618c1b) revision 5035594'; Using compiler version '192528614'; Build Type 'Release'
OS: 'Windows 10 Pro; OS build 19042.630; Version 2009; 64bit' Language: 'en' Physical Memory: 16298 MB
BatchMode: 1, IsHumanControllingUs: 0, StartBugReporterOnCrash: 0, Is64bit: 1, IsPro: 0

 COMMAND LINE ARGUMENTS:
C:\Program Files\Unity\Hub\Editor\2021.1.4f1\Editor\Unity.exe
-adb2
-batchMode
-noUpm
-name
AssetImportWorker0
-projectPath
D:/Git/RPG
-logFile
Logs/AssetImportWorker0.log
-srvPort
61034
Successfully changed project path to: D:/Git/RPG
D:/Git/RPG
Using Asset Import Pipeline V2.
Refreshing native plugins compatible for Editor in 60.04 ms, found 0 plugins.
Preloading 0 native plugins for Editor in 0.00 ms.
Initialize engine version: 2021.1.4f1 (4cd64a618c1b)
[Subsystems] Discovering subsystems at path C:/Program Files/Unity/Hub/Editor/2021.1.4f1/Editor/Data/Resources/UnitySubsystems
[Subsystems] Discovering subsystems at path D:/Git/RPG/Assets
GfxDevice: creating device client; threaded=0; jobified=0
Direct3D:
    Version:  Direct3D 11.0 [level 11.1]
    Renderer: NVIDIA GeForce RTX 2080 (ID=0x1e87)
    Vendor:   NVIDIA
    VRAM:     8010 MB
    Driver:   27.21.14.5730
Initialize mono
Mono path[0] = 'C:/Program Files/Unity/Hub/Editor/2021.1.4f1/Editor/Data/Managed'
Mono path[1] = 'C:/Program Files/Unity/Hub/Editor/2021.1.4f1/Editor/Data/MonoBleedingEdge/lib/mono/unityjit'
Mono config path = 'C:/Program Files/Unity/Hub/Editor/2021.1.4f1/Editor/Data/MonoBleedingEdge/etc'
Using monoOptions --debugger-agent=transport=dt_socket,embedding=1,server=y,suspend=n,address=127.0.0.1:56320
Begin MonoManager ReloadAssembly
Registering precompiled unity dll's ...
Register platform support module: C:/Program Files/Unity/Hub/Editor/2021.1.4f1/Editor/Data/PlaybackEngines/WindowsStandaloneSupport/UnityEditor.WindowsStandalone.Extensions.dll
Registered in 0.001714 seconds.
Native extension for WindowsStandalone target not found
Refreshing native plugins compatible for Editor in 46.46 ms, found 0 plugins.
Preloading 0 native plugins for Editor in 0.00 ms.
Mono: successfully reloaded assembly
- Completed reload, in  1.634 seconds
Platform modules already initialized, skipping
Registering precompiled user dll's ...
Registered in 0.003268 seconds.
Begin MonoManager ReloadAssembly
Native extension for WindowsStandalone target not found
Refreshing native plugins compatible for Editor in 0.59 ms, found 0 plugins.
Preloading 0 native plugins for Editor in 0.00 ms.
Mono: successfully reloaded assembly
- Completed reload, in  0.743 seconds
Platform modules already initialized, skipping
========================================================================
Worker process is ready to serve import requests
Launched and connected shader compiler UnityShaderCompiler.exe after 0.04 seconds
Refreshing native plugins compatible for Editor in 0.56 ms, found 0 plugins.
Preloading 0 native plugins for Editor in 0.00 ms.
Unloading 1809 Unused Serialized files (Serialized files now loaded: 0)
System memory in use before: 79.2 MB.
System memory in use after: 79.3 MB.

Unloading 43 unused Assets to reduce memory usage. Loaded Objects now: 2250.
Total: 1.714100 ms (FindLiveObjects: 0.141500 ms CreateObjectMapping: 0.045700 ms MarkObjects: 1.475300 ms  DeleteObjects: 0.050900 ms)

========================================================================
Received Import Request.
  path: Assets/Scripts/CharacterRelated
  artifactKey: Guid(0c3d8a616147c8f40b3ccba2d157b20b) Importer(815301076,1909f56bfc062723c751e8b465ee728b)
Start importing Assets/Scripts/CharacterRelated using Guid(0c3d8a616147c8f40b3ccba2d157b20b) Importer(815301076,1909f56bfc062723c751e8b465ee728b)  -> (artifact id: '176b820fbe5c8ebc82a618e843a8c924') in 0.006016 seconds 
========================================================================
Received Import Request.
  Time since last request: 0.631515 seconds.
  path: Assets/Scripts/CharacterRelated/Player.cs
  artifactKey: Guid(c8c88f221f6859b4896c2e4e31d3ebc4) Importer(815301076,1909f56bfc062723c751e8b465ee728b)
Start importing Assets/Scripts/CharacterRelated/Player.cs using Guid(c8c88f221f6859b4896c2e4e31d3ebc4) Importer(815301076,1909f56bfc062723c751e8b465ee728b)  -> (artifact id: '46d177cd29fa8b5c846a3188b0309206') in 0.019139 seconds 
========================================================================
Received Prepare
Registering precompiled user dll's ...
Registered in 0.003725 seconds.
Begin MonoManager ReloadAssembly
Native extension for WindowsStandalone target not found
Refreshing native plugins compatible for Editor in 0.51 ms, found 0 plugins.
Preloading 0 native plugins for Editor in 0.00 ms.
Mono: successfully reloaded assembly
- Completed reload, in  0.714 seconds
Platform modules already initialized, skipping
Refreshing native plugins compatible for Editor in 0.47 ms, found 0 plugins.
Preloading 0 native plugins for Editor in 0.00 ms.
Unloading 1790 Unused Serialized files (Serialized files now loaded: 0)
System memory in use before: 77.8 MB.
System memory in use after: 77.9 MB.

Unloading 34 unused Assets to reduce memory usage. Loaded Objects now: 2253.
Total: 1.668200 ms (FindLiveObjects: 0.135200 ms CreateObjectMapping: 0.048400 ms MarkObjects: 1.465500 ms  DeleteObjects: 0.018500 ms)

========================================================================
Received Import Request.
  Time since last request: 713.826375 seconds.
  path: Assets/Scripts/CharacterRelated/Player.cs
  artifactKey: Guid(c8c88f221f6859b4896c2e4e31d3ebc4) Importer(815301076,1909f56bfc062723c751e8b465ee728b)
Start importing Assets/Scripts/CharacterRelated/Player.cs using Guid(c8c88f221f6859b4896c2e4e31d3ebc4) Importer(815301076,1909f56bfc062723c751e8b465ee728b)  -> (artifact id: '88f0e21dc17fe415169c04a95108e95c') in 0.006567 seconds 
========================================================================
Received Prepare
Registering precompiled user dll's ...
Registered in 0.003333 seconds.
Begin MonoManager ReloadAssembly
Native extension for WindowsStandalone target not found
Refreshing native plugins compatible for Editor in 0.59 ms, found 0 plugins.
Preloading 0 native plugins for Editor in 0.00 ms.
Mono: successfully reloaded assembly
- Completed reload, in  0.717 seconds
Platform modules already initialized, skipping
Refreshing native plugins compatible for Editor in 0.70 ms, found 0 plugins.
Preloading 0 native plugins for Editor in 0.00 ms.
Unloading 1790 Unused Serialized files (Serialized files now loaded: 0)
System memory in use before: 77.8 MB.
System memory in use after: 77.9 MB.

Unloading 34 unused Assets to reduce memory usage. Loaded Objects now: 2256.
Total: 2.197100 ms (FindLiveObjects: 0.208600 ms CreateObjectMapping: 0.059700 ms MarkObjects: 1.908400 ms  DeleteObjects: 0.019400 ms)

========================================================================
Received Prepare
Registering precompiled user dll's ...
Registered in 0.003038 seconds.
Begin MonoManager ReloadAssembly
Native extension for WindowsStandalone target not found
Refreshing native plugins compatible for Editor in 0.48 ms, found 0 plugins.
Preloading 0 native plugins for Editor in 0.00 ms.
Mono: successfully reloaded assembly
- Completed reload, in  0.724 seconds
Platform modules already initialized, skipping
Refreshing native plugins compatible for Editor in 0.48 ms, found 0 plugins.
Preloading 0 native plugins for Editor in 0.00 ms.
Unloading 1790 Unused Serialized files (Serialized files now loaded: 0)
System memory in use before: 77.8 MB.
System memory in use after: 77.9 MB.

Unloading 34 unused Assets to reduce memory usage. Loaded Objects now: 2259.
Total: 1.883200 ms (FindLiveObjects: 0.150600 ms CreateObjectMapping: 0.052200 ms MarkObjects: 1.663500 ms  DeleteObjects: 0.016400 ms)

========================================================================
Received Import Request.
  Time since last request: 109.573559 seconds.
  path: Assets/Scripts/CharacterRelated/Player.cs
  artifactKey: Guid(c8c88f221f6859b4896c2e4e31d3ebc4) Importer(815301076,1909f56bfc062723c751e8b465ee728b)
Start importing Assets/Scripts/CharacterRelated/Player.cs using Guid(c8c88f221f6859b4896c2e4e31d3ebc4) Importer(815301076,1909f56bfc062723c751e8b465ee728b)  -> (artifact id: 'da0ffe963860ff88832ce929035ffa0d') in 0.005518 seconds 
========================================================================
Received Prepare
Registering precompiled user dll's ...
Registered in 0.003293 seconds.
Begin MonoManager ReloadAssembly
Native extension for WindowsStandalone target not found
Refreshing native plugins compatible for Editor in 0.76 ms, found 0 plugins.
Preloading 0 native plugins for Editor in 0.00 ms.
Mono: successfully reloaded assembly
- Completed reload, in  0.719 seconds
Platform modules already initialized, skipping
Refreshing native plugins compatible for Editor in 0.78 ms, found 0 plugins.
Preloading 0 native plugins for Editor in 0.00 ms.
Unloading 1790 Unused Serialized files (Serialized files now loaded: 0)
System memory in use before: 77.8 MB.
System memory in use after: 78.0 MB.

Unloading 34 unused Assets to reduce memory usage. Loaded Objects now: 2262.
Total: 1.865200 ms (FindLiveObjects: 0.150300 ms CreateObjectMapping: 0.052200 ms MarkObjects: 1.644600 ms  DeleteObjects: 0.017200 ms)

========================================================================
Received Import Request.
  Time since last request: 49.934890 seconds.
  path: Assets/Scripts/CharacterRelated/Player.cs
  artifactKey: Guid(c8c88f221f6859b4896c2e4e31d3ebc4) Importer(815301076,1909f56bfc062723c751e8b465ee728b)
Start importing Assets/Scripts/CharacterRelated/Player.cs using Guid(c8c88f221f6859b4896c2e4e31d3ebc4) Importer(815301076,1909f56bfc062723c751e8b465ee728b)  -> (artifact id: 'e83c881422773f00c2de044ec29e9a90') in 0.007471 seconds 
========================================================================
Received Prepare
Registering precompiled user dll's ...
Registered in 0.003180 seconds.
Begin MonoManager ReloadAssembly
Native extension for WindowsStandalone target not found
Refreshing native plugins compatible for Editor in 0.50 ms, found 0 plugins.
Preloading 0 native plugins for Editor in 0.00 ms.
Mono: successfully reloaded assembly
- Completed reload, in  0.725 seconds
Platform modules already initialized, skipping
Refreshing native plugins compatible for Editor in 0.55 ms, found 0 plugins.
Preloading 0 native plugins for Editor in 0.00 ms.
Unloading 1790 Unused Serialized files (Serialized files now loaded: 0)
System memory in use before: 77.9 MB.
System memory in use after: 78.0 MB.

Unloading 34 unused Assets to reduce memory usage. Loaded Objects now: 2265.
Total: 1.775800 ms (FindLiveObjects: 0.138600 ms CreateObjectMapping: 0.045400 ms MarkObjects: 1.577000 ms  DeleteObjects: 0.013900 ms)

========================================================================
Received Import Request.
  Time since last request: 450.016304 seconds.
  path: Assets/Scripts/CharacterRelated/Player.cs
  artifactKey: Guid(c8c88f221f6859b4896c2e4e31d3ebc4) Importer(815301076,1909f56bfc062723c751e8b465ee728b)
Start importing Assets/Scripts/CharacterRelated/Player.cs using Guid(c8c88f221f6859b4896c2e4e31d3ebc4) Importer(815301076,1909f56bfc062723c751e8b465ee728b)  -> (artifact id: '8a587c31022e62a446dd94e440bd7cc2') in 0.006498 seconds 
========================================================================
Received Prepare
Registering precompiled user dll's ...
Registered in 0.010055 seconds.
Begin MonoManager ReloadAssembly
Native extension for WindowsStandalone target not found
Refreshing native plugins compatible for Editor in 0.52 ms, found 0 plugins.
Preloading 0 native plugins for Editor in 0.00 ms.
Mono: successfully reloaded assembly
- Completed reload, in  0.878 seconds
Platform modules already initialized, skipping
Refreshing native plugins compatible for Editor in 0.52 ms, found 0 plugins.
Preloading 0 native plugins for Editor in 0.00 ms.
Unloading 1790 Unused Serialized files (Serialized files now loaded: 0)
System memory in use before: 77.9 MB.
System memory in use after: 78.0 MB.

Unloading 34 unused Assets to reduce memory usage. Loaded Objects now: 2268.
Total: 2.175200 ms (FindLiveObjects: 0.174400 ms CreateObjectMapping: 0.061700 ms MarkObjects: 1.913800 ms  DeleteObjects: 0.024400 ms)

AssetImportWorkerClient::OnTransportError - code=2 error=End of file
